This is XeTeX, Version 3.14159265-2.6-0.99992 (MiKTeX 2.9) (preloaded format=xelatex 2016.6.5)  13 SEP 2017 11:37
entering extended mode
**./template.tex
(template.tex
LaTeX2e <2015/10/01> patch level 2
Babel <3.9n> and hyphenation patterns for 69 languages loaded.
(twentysecondcv.cls
Document Class: twentysecondcv 2015/02/28 CV class

("C:\Users\gokulvasan\AppData\Local\Programs\MiKTeX 2.9\tex\latex\base\article.
cls"
Document Class: article 2014/09/29 v1.4h Standard LaTeX document class

("C:\Users\gokulvasan\AppData\Local\Programs\MiKTeX 2.9\tex\latex\base\size10.c
lo"
File: size10.clo 2014/09/29 v1.4h Standard LaTeX file (size option)
)
\c@part=\count79
\c@section=\count80
\c@subsection=\count81
\c@subsubsection=\count82
\c@paragraph=\count83
\c@subparagraph=\count84
\c@figure=\count85
\c@table=\count86
\abovecaptionskip=\skip41
\belowcaptionskip=\skip42
\bibindent=\dimen102
)
("C:\Users\gokulvasan\AppData\Local\Programs\MiKTeX 2.9\tex\latex\fontspec\font
spec.sty"
Package: fontspec 2015/09/24 v2.4e Font selection for XeLaTeX and LuaLaTeX

("C:\Users\gokulvasan\AppData\Local\Programs\MiKTeX 2.9\tex\latex\l3kernel\expl
3.sty"
Package: expl3 2016/05/18 v6512 L3 programming layer (loader) 

("C:\Users\gokulvasan\AppData\Local\Programs\MiKTeX 2.9\tex\latex\l3kernel\expl
3-code.tex"
Package: expl3 2016/05/18 v6512 L3 programming layer (code)
L3 Module: l3bootstrap 2016/02/12 v6412 L3 Bootstrap code
L3 Module: l3names 2016/03/11 v6433 L3 Namespace for primitives
L3 Module: l3basics 2015/11/22 v6315 L3 Basic definitions
L3 Module: l3expan 2015/09/10 v5983 L3 Argument expansion
L3 Module: l3tl 2016/03/26 v6465 L3 Token lists
L3 Module: l3str 2016/03/24 v6441 L3 Strings
L3 Module: l3seq 2015/08/05 v5777 L3 Sequences and stacks
L3 Module: l3int 2016/03/24 v6441 L3 Integers
\c_max_int=\count87
\l_tmpa_int=\count88
\l_tmpb_int=\count89
\g_tmpa_int=\count90
\g_tmpb_int=\count91
L3 Module: l3quark 2015/08/17 v5855 L3 Quarks
L3 Module: l3prg 2015/11/01 v6216 L3 Control structures
\g__prg_map_int=\count92
L3 Module: l3clist 2015/09/02 v5901 L3 Comma separated lists
L3 Module: l3token 2016/04/03 v6470 L3 Experimental token manipulation
L3 Module: l3prop 2016/01/05 v6366 L3 Property lists
L3 Module: l3msg 2016/03/26 v6464 L3 Messages
L3 Module: l3file 2016/03/25 v6458 L3 File and I/O operations
\l_iow_line_count_int=\count93
\l__iow_target_count_int=\count94
\l__iow_current_line_int=\count95
\l__iow_current_word_int=\count96
\l__iow_current_indentation_int=\count97
L3 Module: l3skip 2016/01/05 v6366 L3 Dimensions and skips
\c_zero_dim=\dimen103
\c_max_dim=\dimen104
\l_tmpa_dim=\dimen105
\l_tmpb_dim=\dimen106
\g_tmpa_dim=\dimen107
\g_tmpb_dim=\dimen108
\c_zero_skip=\skip43
\c_max_skip=\skip44
\l_tmpa_skip=\skip45
\l_tmpb_skip=\skip46
\g_tmpa_skip=\skip47
\g_tmpb_skip=\skip48
\c_zero_muskip=\muskip10
\c_max_muskip=\muskip11
\l_tmpa_muskip=\muskip12
\l_tmpb_muskip=\muskip13
\g_tmpa_muskip=\muskip14
\g_tmpb_muskip=\muskip15
L3 Module: l3keys 2015/11/17 v6284 L3 Key-value interfaces
\g__keyval_level_int=\count98
\l_keys_choice_int=\count99
L3 Module: l3fp 2016/03/26 v6465 L3 Floating points
\c__fp_leading_shift_int=\count100
\c__fp_middle_shift_int=\count101
\c__fp_trailing_shift_int=\count102
\c__fp_big_leading_shift_int=\count103
\c__fp_big_middle_shift_int=\count104
\c__fp_big_trailing_shift_int=\count105
\c__fp_Bigg_leading_shift_int=\count106
\c__fp_Bigg_middle_shift_int=\count107
\c__fp_Bigg_trailing_shift_int=\count108
L3 Module: l3box 2015/08/09 v5822 L3 Experimental boxes
\c_empty_box=\box26
\l_tmpa_box=\box27
\l_tmpb_box=\box28
\g_tmpa_box=\box29
\g_tmpb_box=\box30
L3 Module: l3coffins 2016/05/17 v6508 L3 Coffin code layer
\l__coffin_internal_box=\box31
\l__coffin_internal_dim=\dimen109
\l__coffin_offset_x_dim=\dimen110
\l__coffin_offset_y_dim=\dimen111
\l__coffin_x_dim=\dimen112
\l__coffin_y_dim=\dimen113
\l__coffin_x_prime_dim=\dimen114
\l__coffin_y_prime_dim=\dimen115
\c_empty_coffin=\box32
\l__coffin_aligned_coffin=\box33
\l__coffin_aligned_internal_coffin=\box34
\l_tmpa_coffin=\box35
\l_tmpb_coffin=\box36
\l__coffin_display_coffin=\box37
\l__coffin_display_coord_coffin=\box38
\l__coffin_display_pole_coffin=\box39
\l__coffin_display_offset_dim=\dimen116
\l__coffin_display_x_dim=\dimen117
\l__coffin_display_y_dim=\dimen118
L3 Module: l3color 2014/08/23 v5354 L3 Experimental color support
L3 Module: l3sys 2015/09/25 v6087 L3 Experimental system/runtime functions
L3 Module: l3candidates 2016/05/13 v6484 L3 Experimental additions to l3kernel
\l__box_top_dim=\dimen119
\l__box_bottom_dim=\dimen120
\l__box_left_dim=\dimen121
\l__box_right_dim=\dimen122
\l__box_top_new_dim=\dimen123
\l__box_bottom_new_dim=\dimen124
\l__box_left_new_dim=\dimen125
\l__box_right_new_dim=\dimen126
\l__box_internal_box=\box40
\l__coffin_bounding_shift_dim=\dimen127
\l__coffin_left_corner_dim=\dimen128
\l__coffin_right_corner_dim=\dimen129
\l__coffin_bottom_corner_dim=\dimen130
\l__coffin_top_corner_dim=\dimen131
\l__coffin_scaled_total_height_dim=\dimen132
\l__coffin_scaled_width_dim=\dimen133
L3 Module: l3luatex 2016/03/26 v6465 L3 Experimental LuaTeX-specific functions
)
("C:\Users\gokulvasan\AppData\Local\Programs\MiKTeX 2.9\tex\latex\l3kernel\l3xd
vipdfmx.def"
File: l3xdvidpfmx.def 2016/03/26 v6465 L3 Experimental driver: xdvipdfmx
\l__driver_tmp_box=\box41
))
("C:\Users\gokulvasan\AppData\Local\Programs\MiKTeX 2.9\tex\latex\l3packages\xp
arse\xparse.sty"
Package: xparse 2016/05/18 v6512 L3 Experimental document command parser
\l__xparse_current_arg_int=\count109
\l__xparse_m_args_int=\count110
\l__xparse_mandatory_args_int=\count111
\l__xparse_processor_int=\count112
\l__xparse_v_nesting_int=\count113
)
\l_fontspec_script_int=\count114
\l_fontspec_language_int=\count115
\l_fontspec_strnum_int=\count116
\l__fontspec_tmpa_dim=\dimen134
\l__fontspec_tmpb_dim=\dimen135
\l__fontspec_tmpc_dim=\dimen136

("C:\Users\gokulvasan\AppData\Local\Programs\MiKTeX 2.9\tex\latex\fontspec\font
spec-patches.sty"
Package: fontspec-patches 2015/09/24 v2.4e Font selection for XeLaTeX and LuaLa
TeX
LaTeX Info: Redefining \em on input line 49.
LaTeX Info: Redefining \emph on input line 57.
LaTeX Info: Redefining \- on input line 60.
.................................................
. LaTeX info: "xparse/redefine-command"
. 
. Redefining command \oldstylenums with sig. 'm' on line 155.
.................................................
.................................................
. LaTeX info: "xparse/define-command"
. 
. Defining command \liningnums with sig. 'm' on line 159.
.................................................
)
("C:\Users\gokulvasan\AppData\Local\Programs\MiKTeX 2.9\tex\latex\fontspec\font
spec-xetex.sty"
Package: fontspec-xetex 2015/09/24 v2.4e Font selection for XeLaTeX and LuaLaTe
X

("C:\Users\gokulvasan\AppData\Local\Programs\MiKTeX 2.9\tex\latex\base\fontenc.
sty"
Package: fontenc 2005/09/27 v1.99g Standard LaTeX package

("C:\Users\gokulvasan\AppData\Local\Programs\MiKTeX 2.9\tex\latex\euenc\eu1enc.
def"
File: eu1enc.def 2010/05/27 v0.1h Experimental Unicode font encodings
)
LaTeX Font Info:    Try loading font information for EU1+lmr on input line 105.


("C:\Users\gokulvasan\AppData\Local\Programs\MiKTeX 2.9\tex\latex\euenc\eu1lmr.
fd"
File: eu1lmr.fd 2009/10/30 v1.6 Font defs for Latin Modern
)
Requested font "[lmroman10-regular]:mapping=tex-text" at 10.0pt
 -> C:/Users/gokulvasan/AppData/Local/Programs/MiKTeX 2.9/fonts/opentype/public
/lm/lmroman10-regular.otf
)
("C:\Users\gokulvasan\AppData\Local\Programs\MiKTeX 2.9\tex\xelatex\xunicode\xu
nicode.sty"
File: xunicode.sty 2011/09/09 v0.981 provides access to latin accents and many 
other characters in Unicode lower plane

("C:\Users\gokulvasan\AppData\Local\Programs\MiKTeX 2.9\tex\latex\tipa\t3enc.de
f"
File: t3enc.def 2001/12/31 T3 encoding
Requested font "[lmromanslant10-regular]:mapping=tex-text" at 10.0pt
 -> C:/Users/gokulvasan/AppData/Local/Programs/MiKTeX 2.9/fonts/opentype/public
/lm/lmromanslant10-regular.otf
Requested font "[lmroman10-italic]:mapping=tex-text" at 10.0pt
 -> C:/Users/gokulvasan/AppData/Local/Programs/MiKTeX 2.9/fonts/opentype/public
/lm/lmroman10-italic.otf
Requested font "[lmroman10-bold]:mapping=tex-text" at 10.0pt
 -> C:/Users/gokulvasan/AppData/Local/Programs/MiKTeX 2.9/fonts/opentype/public
/lm/lmroman10-bold.otf
LaTeX Font Info:    Try loading font information for EU1+lmss on input line 357
.

("C:\Users\gokulvasan\AppData\Local\Programs\MiKTeX 2.9\tex\latex\euenc\eu1lmss
.fd"
File: eu1lmss.fd 2009/10/30 v1.6 Font defs for Latin Modern
)
Requested font "[lmsans10-regular]:mapping=tex-text" at 10.0pt
 -> C:/Users/gokulvasan/AppData/Local/Programs/MiKTeX 2.9/fonts/opentype/public
/lm/lmsans10-regular.otf
)
\tipaTiiicode=\count117
\tipasavetokens=\toks14
\tipachecktokens=\toks15

("C:\Users\gokulvasan\AppData\Local\Programs\MiKTeX 2.9\tex\latex\graphics\grap
hicx.sty"
Package: graphicx 2014/10/28 v1.0g Enhanced LaTeX Graphics (DPC,SPQR)

("C:\Users\gokulvasan\AppData\Local\Programs\MiKTeX 2.9\tex\latex\graphics\keyv
al.sty"
Package: keyval 2014/10/28 v1.15 key=value parser (DPC)
\KV@toks@=\toks16
)
("C:\Users\gokulvasan\AppData\Local\Programs\MiKTeX 2.9\tex\latex\graphics\grap
hics.sty"
Package: graphics 2014/10/28 v1.0p Standard LaTeX Graphics (DPC,SPQR)

("C:\Users\gokulvasan\AppData\Local\Programs\MiKTeX 2.9\tex\latex\graphics\trig
.sty"
Package: trig 1999/03/16 v1.09 sin cos tan (DPC)
)
("C:\Users\gokulvasan\AppData\Local\Programs\MiKTeX 2.9\tex\latex\00miktex\grap
hics.cfg"
File: graphics.cfg 2007/01/18 v1.5 graphics configuration of teTeX/TeXLive
)
Package graphics Info: Driver file: xetex.def on input line 94.

("C:\Users\gokulvasan\AppData\Local\Programs\MiKTeX 2.9\tex\xelatex\xetex-def\x
etex.def"
File: xetex.def 2016/04/06 v4.08 LaTeX color/graphics driver for XeTeX (TeX Liv
e/RRM/JK)

("C:\Users\gokulvasan\AppData\Local\Programs\MiKTeX 2.9\tex\generic\oberdiek\in
fwarerr.sty"
Package: infwarerr 2010/04/08 v1.3 Providing info/warning/error messages (HO)
)
("C:\Users\gokulvasan\AppData\Local\Programs\MiKTeX 2.9\tex\generic\oberdiek\lt
xcmds.sty"
Package: ltxcmds 2011/11/09 v1.22 LaTeX kernel commands for general use (HO)
)))
\Gin@req@height=\dimen137
\Gin@req@width=\dimen138
))
.................................................
. LaTeX info: "xparse/define-command"
. 
. Defining command \__fontspec_post_arg:w with sig. 'mmO{}' on line 42.
.................................................
.................................................
. LaTeX info: "xparse/define-command"
. 
. Defining command \fontspec with sig. 'om' on line 44.
.................................................
.................................................
. LaTeX info: "xparse/define-command"
. 
. Defining command \setmainfont with sig. 'om' on line 54.
.................................................
.................................................
. LaTeX info: "xparse/define-command"
. 
. Defining command \setsansfont with sig. 'om' on line 64.
.................................................
.................................................
. LaTeX info: "xparse/define-command"
. 
. Defining command \setmonofont with sig. 'om' on line 74.
.................................................
.................................................
. LaTeX info: "xparse/define-command"
. 
. Defining command \setmathrm with sig. 'om' on line 88.
.................................................
.................................................
. LaTeX info: "xparse/define-command"
. 
. Defining command \setboldmathrm with sig. 'om' on line 96.
.................................................
.................................................
. LaTeX info: "xparse/define-command"
. 
. Defining command \setmathsf with sig. 'om' on line 104.
.................................................
.................................................
. LaTeX info: "xparse/define-command"
. 
. Defining command \setmathtt with sig. 'om' on line 112.
.................................................
.................................................
. LaTeX info: "xparse/define-command"
. 
. Defining command \newfontfamily with sig. 'mom' on line 126.
.................................................
.................................................
. LaTeX info: "xparse/define-command"
. 
. Defining command \newfontface with sig. 'mom' on line 141.
.................................................
.................................................
. LaTeX info: "xparse/define-command"
. 
. Defining command \defaultfontfeatures with sig. 't+om' on line 155.
.................................................
.................................................
. LaTeX info: "xparse/define-command"
. 
. Defining command \addfontfeatures with sig. 'm' on line 210.
.................................................
.................................................
. LaTeX info: "xparse/define-command"
. 
. Defining command \newfontfeature with sig. 'mm' on line 221.
.................................................
.................................................
. LaTeX info: "xparse/define-command"
. 
. Defining command \newAATfeature with sig. 'mmmm' on line 229.
.................................................
.................................................
. LaTeX info: "xparse/define-command"
. 
. Defining command \newopentypefeature with sig. 'mmm' on line 237.
.................................................
.................................................
. LaTeX info: "xparse/define-command"
. 
. Defining command \aliasfontfeature with sig. 'mm' on line 258.
.................................................
.................................................
. LaTeX info: "xparse/define-command"
. 
. Defining command \aliasfontfeatureoption with sig. 'mmm' on line 267.
.................................................
.................................................
. LaTeX info: "xparse/define-command"
. 
. Defining command \newfontscript with sig. 'mm' on line 272.
.................................................
.................................................
. LaTeX info: "xparse/define-command"
. 
. Defining command \newfontlanguage with sig. 'mm' on line 298.
.................................................
.................................................
. LaTeX info: "xparse/define-command"
. 
. Defining command \DeclareFontsExtensions with sig. 'm' on line 318.
.................................................
\l__fontspec_tmp_int=\count118
LaTeX Info: Redefining \itshape on input line 2227.
LaTeX Info: Redefining \slshape on input line 2232.
LaTeX Info: Redefining \scshape on input line 2237.
LaTeX Info: Redefining \upshape on input line 2242.

("C:\Users\gokulvasan\AppData\Local\Programs\MiKTeX 2.9\tex\latex\fontspec\font
spec.cfg")))
("C:\Users\gokulvasan\AppData\Local\Programs\MiKTeX 2.9\tex\latex\clearsans\Cle
arSans.sty"
Package: ClearSans 2014/03/16 (Bob Tennent) Supports Clear-Sans fonts for all L
aTeX engines.

("C:\Users\gokulvasan\AppData\Local\Programs\MiKTeX 2.9\tex\generic\ifxetex\ifx
etex.sty"
Package: ifxetex 2010/09/12 v0.6 Provides ifxetex conditional
)
("C:\Users\gokulvasan\AppData\Local\Programs\MiKTeX 2.9\tex\generic\oberdiek\if
luatex.sty"
Package: ifluatex 2010/03/01 v1.3 Provides the ifluatex switch (HO)
Package ifluatex Info: LuaTeX not detected.
)
("C:\Users\gokulvasan\AppData\Local\Programs\MiKTeX 2.9\tex\latex\xkeyval\xkeyv
al.sty"
Package: xkeyval 2014/12/03 v2.7a package option processing (HA)

("C:\Users\gokulvasan\AppData\Local\Programs\MiKTeX 2.9\tex\generic\xkeyval\xke
yval.tex"
("C:\Users\gokulvasan\AppData\Local\Programs\MiKTeX 2.9\tex\generic\xkeyval\xkv
utils.tex"
\XKV@toks=\toks17
\XKV@tempa@toks=\toks18
)
\XKV@depth=\count119
File: xkeyval.tex 2014/12/03 v2.7a key=value parser (HA)
))
("C:\Users\gokulvasan\AppData\Local\Programs\MiKTeX 2.9\tex\latex\base\textcomp
.sty"
Package: textcomp 2005/09/27 v1.99g Standard LaTeX package
Package textcomp Info: Sub-encoding information:
(textcomp)               5 = only ISO-Adobe without \textcurrency
(textcomp)               4 = 5 + \texteuro
(textcomp)               3 = 4 + \textohm
(textcomp)               2 = 3 + \textestimated + \textcurrency
(textcomp)               1 = TS1 - \textcircled - \t
(textcomp)               0 = TS1 (full)
(textcomp)             Font families with sub-encoding setting implement
(textcomp)             only a restricted character set as indicated.
(textcomp)             Family '?' is the default used for unknown fonts.
(textcomp)             See the documentation for details.
Package textcomp Info: Setting ? sub-encoding to TS1/1 on input line 79.

("C:\Users\gokulvasan\AppData\Local\Programs\MiKTeX 2.9\tex\latex\base\ts1enc.d
ef"
File: ts1enc.def 2001/06/05 v3.0e (jk/car/fm) Standard LaTeX file
)
LaTeX Info: Redefining \oldstylenums on input line 334.
Package textcomp Info: Setting cmr sub-encoding to TS1/0 on input line 349.
Package textcomp Info: Setting cmss sub-encoding to TS1/0 on input line 350.
Package textcomp Info: Setting cmtt sub-encoding to TS1/0 on input line 351.
Package textcomp Info: Setting cmvtt sub-encoding to TS1/0 on input line 352.
Package textcomp Info: Setting cmbr sub-encoding to TS1/0 on input line 353.
Package textcomp Info: Setting cmtl sub-encoding to TS1/0 on input line 354.
Package textcomp Info: Setting ccr sub-encoding to TS1/0 on input line 355.
Package textcomp Info: Setting ptm sub-encoding to TS1/4 on input line 356.
Package textcomp Info: Setting pcr sub-encoding to TS1/4 on input line 357.
Package textcomp Info: Setting phv sub-encoding to TS1/4 on input line 358.
Package textcomp Info: Setting ppl sub-encoding to TS1/3 on input line 359.
Package textcomp Info: Setting pag sub-encoding to TS1/4 on input line 360.
Package textcomp Info: Setting pbk sub-encoding to TS1/4 on input line 361.
Package textcomp Info: Setting pnc sub-encoding to TS1/4 on input line 362.
Package textcomp Info: Setting pzc sub-encoding to TS1/4 on input line 363.
Package textcomp Info: Setting bch sub-encoding to TS1/4 on input line 364.
Package textcomp Info: Setting put sub-encoding to TS1/5 on input line 365.
Package textcomp Info: Setting uag sub-encoding to TS1/5 on input line 366.
Package textcomp Info: Setting ugq sub-encoding to TS1/5 on input line 367.
Package textcomp Info: Setting ul8 sub-encoding to TS1/4 on input line 368.
Package textcomp Info: Setting ul9 sub-encoding to TS1/4 on input line 369.
Package textcomp Info: Setting augie sub-encoding to TS1/5 on input line 370.
Package textcomp Info: Setting dayrom sub-encoding to TS1/3 on input line 371.
Package textcomp Info: Setting dayroms sub-encoding to TS1/3 on input line 372.

Package textcomp Info: Setting pxr sub-encoding to TS1/0 on input line 373.
Package textcomp Info: Setting pxss sub-encoding to TS1/0 on input line 374.
Package textcomp Info: Setting pxtt sub-encoding to TS1/0 on input line 375.
Package textcomp Info: Setting txr sub-encoding to TS1/0 on input line 376.
Package textcomp Info: Setting txss sub-encoding to TS1/0 on input line 377.
Package textcomp Info: Setting txtt sub-encoding to TS1/0 on input line 378.
Package textcomp Info: Setting lmr sub-encoding to TS1/0 on input line 379.
Package textcomp Info: Setting lmdh sub-encoding to TS1/0 on input line 380.
Package textcomp Info: Setting lmss sub-encoding to TS1/0 on input line 381.
Package textcomp Info: Setting lmssq sub-encoding to TS1/0 on input line 382.
Package textcomp Info: Setting lmvtt sub-encoding to TS1/0 on input line 383.
Package textcomp Info: Setting lmtt sub-encoding to TS1/0 on input line 384.
Package textcomp Info: Setting qhv sub-encoding to TS1/0 on input line 385.
Package textcomp Info: Setting qag sub-encoding to TS1/0 on input line 386.
Package textcomp Info: Setting qbk sub-encoding to TS1/0 on input line 387.
Package textcomp Info: Setting qcr sub-encoding to TS1/0 on input line 388.
Package textcomp Info: Setting qcs sub-encoding to TS1/0 on input line 389.
Package textcomp Info: Setting qpl sub-encoding to TS1/0 on input line 390.
Package textcomp Info: Setting qtm sub-encoding to TS1/0 on input line 391.
Package textcomp Info: Setting qzc sub-encoding to TS1/0 on input line 392.
Package textcomp Info: Setting qhvc sub-encoding to TS1/0 on input line 393.
Package textcomp Info: Setting futs sub-encoding to TS1/4 on input line 394.
Package textcomp Info: Setting futx sub-encoding to TS1/4 on input line 395.
Package textcomp Info: Setting futj sub-encoding to TS1/4 on input line 396.
Package textcomp Info: Setting hlh sub-encoding to TS1/3 on input line 397.
Package textcomp Info: Setting hls sub-encoding to TS1/3 on input line 398.
Package textcomp Info: Setting hlst sub-encoding to TS1/3 on input line 399.
Package textcomp Info: Setting hlct sub-encoding to TS1/5 on input line 400.
Package textcomp Info: Setting hlx sub-encoding to TS1/5 on input line 401.
Package textcomp Info: Setting hlce sub-encoding to TS1/5 on input line 402.
Package textcomp Info: Setting hlcn sub-encoding to TS1/5 on input line 403.
Package textcomp Info: Setting hlcw sub-encoding to TS1/5 on input line 404.
Package textcomp Info: Setting hlcf sub-encoding to TS1/5 on input line 405.
Package textcomp Info: Setting pplx sub-encoding to TS1/3 on input line 406.
Package textcomp Info: Setting pplj sub-encoding to TS1/3 on input line 407.
Package textcomp Info: Setting ptmx sub-encoding to TS1/4 on input line 408.
Package textcomp Info: Setting ptmj sub-encoding to TS1/4 on input line 409.
)
\g__file_internal_ior=\read1
Requested font "[ClearSans-Regular.ttf]/OT" at 10.0pt
 -> C:/Users/gokulvasan/AppData/Local/Programs/MiKTeX 2.9/fonts/truetype/intel/
clearsans/ClearSans-Regular.ttf
\g__fontspec_family_ClearSans_int=\count120
Requested font "[ClearSans-Bold.ttf]/OT" at 10.0pt
 -> C:/Users/gokulvasan/AppData/Local/Programs/MiKTeX 2.9/fonts/truetype/intel/
clearsans/ClearSans-Bold.ttf
Requested font "[ClearSans-Italic.ttf]/OT" at 10.0pt
 -> C:/Users/gokulvasan/AppData/Local/Programs/MiKTeX 2.9/fonts/truetype/intel/
clearsans/ClearSans-Italic.ttf
Requested font "[ClearSans-BoldItalic.ttf]/OT" at 10.0pt
 -> C:/Users/gokulvasan/AppData/Local/Programs/MiKTeX 2.9/fonts/truetype/intel/
clearsans/ClearSans-BoldItalic.ttf
Requested font "[ClearSans-Light.ttf]/OT" at 10.0pt
 -> C:/Users/gokulvasan/AppData/Local/Programs/MiKTeX 2.9/fonts/truetype/intel/
clearsans/ClearSans-Light.ttf
Requested font "[ClearSans-Thin.ttf]/OT" at 10.0pt
 -> C:/Users/gokulvasan/AppData/Local/Programs/MiKTeX 2.9/fonts/truetype/intel/
clearsans/ClearSans-Thin.ttf
)
("C:\Users\gokulvasan\AppData\Local\Programs\MiKTeX 2.9\tex\latex\multirow\mult
irow.sty"
\bigstrutjot=\dimen139
)
("C:\Users\gokulvasan\AppData\Local\Programs\MiKTeX 2.9\tex\latex\pstricks\pstr
icks.sty"
Package: pstricks 2015/11/14 v0.62 LaTeX wrapper for `PSTricks' (RN,HV)

("C:\Users\gokulvasan\AppData\Local\Programs\MiKTeX 2.9\tex\latex\xcolor\xcolor
.sty"
Package: xcolor 2016/05/11 v2.12 LaTeX color extensions (UK)

("C:\Users\gokulvasan\AppData\Local\Programs\MiKTeX 2.9\tex\latex\00miktex\colo
r.cfg"
File: color.cfg 2007/01/18 v1.5 color configuration of teTeX/TeXLive
)
Package xcolor Info: Driver file: xetex.def on input line 225.
Package xcolor Info: Model `cmy' substituted by `cmy0' on input line 1348.
Package xcolor Info: Model `RGB' extended on input line 1364.
Package xcolor Info: Model `HTML' substituted by `rgb' on input line 1366.
Package xcolor Info: Model `Hsb' substituted by `hsb' on input line 1367.
Package xcolor Info: Model `tHsb' substituted by `hsb' on input line 1368.
Package xcolor Info: Model `HSB' substituted by `hsb' on input line 1369.
Package xcolor Info: Model `Gray' substituted by `gray' on input line 1370.
Package xcolor Info: Model `wave' substituted by `hsb' on input line 1371.
)
("C:\Users\gokulvasan\AppData\Local\Programs\MiKTeX 2.9\tex\generic\pstricks\ba
se\pstricks.tex"
("C:\Users\gokulvasan\AppData\Local\Programs\MiKTeX 2.9\tex\generic\xkeyval\pst
-xkey.tex"
File: pst-xkey.tex 2005/11/25 v1.6 PSTricks specialization of xkeyval (HA)
)
("C:\Users\gokulvasan\AppData\Local\Programs\MiKTeX 2.9\tex\generic\pstricks\ba
se\pst-fp.tex" `pst-fp' v0.05, 2010/01/17 (hv)
\pstFP@xs=\count121
\pstFP@xia=\count122
\pstFP@xib=\count123
\pstFP@xfa=\count124
\pstFP@xfb=\count125
\pstFP@rega=\count126
\pstFP@regb=\count127
\pstFP@regs=\count128
\pstFP@times=\count129
)
("C:\Users\gokulvasan\AppData\Local\Programs\MiKTeX 2.9\tex\generic\pgf\utiliti
es\pgfutil-common.tex"
\pgfutil@everybye=\toks19
\pgfutil@tempdima=\dimen140
\pgfutil@tempdimb=\dimen141

("C:\Users\gokulvasan\AppData\Local\Programs\MiKTeX 2.9\tex\generic\pgf\utiliti
es\pgfutil-common-lists.tex"))
("C:\Users\gokulvasan\AppData\Local\Programs\MiKTeX 2.9\tex\generic\pgf\utiliti
es\pgfkeys.code.tex"
\pgfkeys@pathtoks=\toks20
\pgfkeys@temptoks=\toks21

("C:\Users\gokulvasan\AppData\Local\Programs\MiKTeX 2.9\tex\generic\pgf\utiliti
es\pgfkeysfiltered.code.tex"
\pgfkeys@tmptoks=\toks22
))
("C:\Users\gokulvasan\AppData\Local\Programs\MiKTeX 2.9\tex\generic\pgf\utiliti
es\pgffor.code.tex"
("C:\Users\gokulvasan\AppData\Local\Programs\MiKTeX 2.9\tex\generic\pgf\math\pg
fmath.code.tex"
("C:\Users\gokulvasan\AppData\Local\Programs\MiKTeX 2.9\tex\generic\pgf\math\pg
fmathcalc.code.tex"
("C:\Users\gokulvasan\AppData\Local\Programs\MiKTeX 2.9\tex\generic\pgf\math\pg
fmathutil.code.tex"
\pgf@x=\dimen142
\pgf@xa=\dimen143
\pgf@xb=\dimen144
\pgf@xc=\dimen145
\pgf@y=\dimen146
\pgf@ya=\dimen147
\pgf@yb=\dimen148
\pgf@yc=\dimen149
\c@pgf@counta=\count130
\c@pgf@countb=\count131
\c@pgf@countc=\count132
\c@pgf@countd=\count133
\pgfutil@tempcnta=\count134
\pgfutil@tempcntb=\count135
)
("C:\Users\gokulvasan\AppData\Local\Programs\MiKTeX 2.9\tex\generic\pgf\math\pg
fmathparser.code.tex"
\pgfmath@dimen=\dimen150
\pgfmath@count=\count136
\pgfmath@box=\box42
\pgfmath@toks=\toks23
\pgfmath@stack@operand=\toks24
\pgfmath@stack@operation=\toks25
)
("C:\Users\gokulvasan\AppData\Local\Programs\MiKTeX 2.9\tex\generic\pgf\math\pg
fmathfunctions.code.tex"
("C:\Users\gokulvasan\AppData\Local\Programs\MiKTeX 2.9\tex\generic\pgf\math\pg
fmathfunctions.basic.code.tex")
("C:\Users\gokulvasan\AppData\Local\Programs\MiKTeX 2.9\tex\generic\pgf\math\pg
fmathfunctions.trigonometric.code.tex")
("C:\Users\gokulvasan\AppData\Local\Programs\MiKTeX 2.9\tex\generic\pgf\math\pg
fmathfunctions.random.code.tex")
("C:\Users\gokulvasan\AppData\Local\Programs\MiKTeX 2.9\tex\generic\pgf\math\pg
fmathfunctions.comparison.code.tex")
("C:\Users\gokulvasan\AppData\Local\Programs\MiKTeX 2.9\tex\generic\pgf\math\pg
fmathfunctions.base.code.tex")
("C:\Users\gokulvasan\AppData\Local\Programs\MiKTeX 2.9\tex\generic\pgf\math\pg
fmathfunctions.round.code.tex")
("C:\Users\gokulvasan\AppData\Local\Programs\MiKTeX 2.9\tex\generic\pgf\math\pg
fmathfunctions.misc.code.tex")
("C:\Users\gokulvasan\AppData\Local\Programs\MiKTeX 2.9\tex\generic\pgf\math\pg
fmathfunctions.integerarithmetics.code.tex")))
("C:\Users\gokulvasan\AppData\Local\Programs\MiKTeX 2.9\tex\generic\pgf\math\pg
fmathfloat.code.tex"
\c@pgfmathroundto@lastzeros=\count137
))
\pgffor@iter=\dimen151
\pgffor@skip=\dimen152
\pgffor@stack=\toks26
\pgffor@toks=\toks27
)
\psLoopIndex=\count138

`PSTricks' v2.64b  <2015/14/11> (tvz)
\pst@dima=\dimen153
\pst@dimb=\dimen154
\pst@dimc=\dimen155
\pst@dimd=\dimen156
\pst@dimg=\dimen157
\pst@dimh=\dimen158
\pst@dimm=\dimen159
\pst@dimn=\dimen160
\pst@dimo=\dimen161
\pst@dimp=\dimen162
\pst@hbox=\box43
\pst@ibox=\box44
\pst@boxg=\box45
\pst@cnta=\count139
\pst@cntb=\count140
\pst@cntc=\count141
\pst@cntd=\count142
\pst@cntg=\count143
\pst@cnth=\count144
\pst@cntm=\count145
\pst@cntn=\count146
\pst@cnto=\count147
\pst@cntp=\count148
\@zero=\count149
\pst@toks=\toks28

("C:\Users\gokulvasan\AppData\Local\Programs\MiKTeX 2.9\tex\xelatex\xetex-pstri
cks\pstricks.con"
("C:\Users\gokulvasan\AppData\Local\Programs\MiKTeX 2.9\tex\generic\pstricks\co
nfig\xdvipdfmx.cfg"))
\psunit=\dimen163
\psxunit=\dimen164
\psyunit=\dimen165
\pst@C@@rType=\count150
\pslinewidth=\dimen166
\psk@startLW=\dimen167
\psk@endLW=\dimen168
\pst@customdefs=\toks29
\pslinearc=\dimen169
\pst@symbolStep=\dimen170
\pst@symbolWidth=\dimen171
\pst@symbolLinewidth=\dimen172
\everypsbox=\toks30
\psframesep=\dimen173
\pslabelsep=\dimen174
\sh@wgridXunit=\dimen175
\sh@wgridYunit=\dimen176
\pst@shift=\dimen177

("C:\Users\gokulvasan\AppData\Local\Programs\MiKTeX 2.9\tex\xelatex\xetex-pstri
cks\pstricks.con"
("C:\Users\gokulvasan\AppData\Local\Programs\MiKTeX 2.9\tex\generic\pstricks\co
nfig\xdvipdfmx.cfg"
Using PSTricks configuration for XeTeX+xdvipdfmx
)))
File: pstricks.tex 2015/14/11 v2.64b `PSTricks' (tvz,hv)

("C:\Users\gokulvasan\AppData\Local\Programs\MiKTeX 2.9\tex\generic\pstricks\ba
se\pst-fp.tex")
File: pst-fp.tex 2015/14/11 v2.64b `PST-fp' (hv)
)
("C:\Users\gokulvasan\AppData\Local\Programs\MiKTeX 2.9\tex\latex\fontawesome\f
ontawesome.sty"
Package: fontawesome 2016/05/15 v4.6.3.1 font awesome icons

("C:\Users\gokulvasan\AppData\Local\Programs\MiKTeX 2.9\tex\latex\fontawesome\f
ontawesomesymbols-generic.tex")
Requested font "FontAwesome" at 10.0pt
 -> y^^A/Users/gokulvasan/AppData/Local/Programs/MiKTeX 2.9/fonts/opentype/publ
ic/fontawesome/FontAwesome.otf
Requested font "FontAwesome/OT" at 10.0pt
 -> y^^A/Users/gokulvasan/AppData/Local/Programs/MiKTeX 2.9/fonts/opentype/publ
ic/fontawesome/FontAwesome.otf
\g__fontspec_family_FontAwesome_int=\count151
Requested font "FontAwesome/BI/OT" at 10.0pt
 -> y^^A/Users/gokulvasan/AppData/Local/Programs/MiKTeX 2.9/fonts/opentype/publ
ic/fontawesome/FontAwesome.otf
Requested font "FontAwesome/B/OT" at 10.0pt
 -> y^^A/Users/gokulvasan/AppData/Local/Programs/MiKTeX 2.9/fonts/opentype/publ
ic/fontawesome/FontAwesome.otf
Requested font "FontAwesome/I/OT" at 10.0pt
 -> y^^A/Users/gokulvasan/AppData/Local/Programs/MiKTeX 2.9/fonts/opentype/publ
ic/fontawesome/FontAwesome.otf

("C:\Users\gokulvasan\AppData\Local\Programs\MiKTeX 2.9\tex\latex\fontawesome\f
ontawesomesymbols-xeluatex.tex"))
("C:\Users\gokulvasan\AppData\Local\Programs\MiKTeX 2.9\tex\latex\pgf\frontendl
ayer\tikz.sty"
("C:\Users\gokulvasan\AppData\Local\Programs\MiKTeX 2.9\tex\latex\pgf\basiclaye
r\pgf.sty"
("C:\Users\gokulvasan\AppData\Local\Programs\MiKTeX 2.9\tex\latex\pgf\utilities
\pgfrcs.sty"
("C:\Users\gokulvasan\AppData\Local\Programs\MiKTeX 2.9\tex\generic\pgf\utiliti
es\pgfutil-common.tex"
\pgfutil@everybye=\toks31
\pgfutil@tempdima=\dimen178
\pgfutil@tempdimb=\dimen179

("C:\Users\gokulvasan\AppData\Local\Programs\MiKTeX 2.9\tex\generic\pgf\utiliti
es\pgfutil-common-lists.tex"))
("C:\Users\gokulvasan\AppData\Local\Programs\MiKTeX 2.9\tex\generic\pgf\utiliti
es\pgfutil-latex.def"
\pgfutil@abb=\box46

("C:\Users\gokulvasan\AppData\Local\Programs\MiKTeX 2.9\tex\latex\ms\everyshi.s
ty"
Package: everyshi 2001/05/15 v3.00 EveryShipout Package (MS)
))
("C:\Users\gokulvasan\AppData\Local\Programs\MiKTeX 2.9\tex\generic\pgf\utiliti
es\pgfrcs.code.tex"
Package: pgfrcs 2015/08/07 v3.0.1a (rcs-revision 1.31)
))
Package: pgf 2015/08/07 v3.0.1a (rcs-revision 1.15)

("C:\Users\gokulvasan\AppData\Local\Programs\MiKTeX 2.9\tex\latex\pgf\basiclaye
r\pgfcore.sty"
("C:\Users\gokulvasan\AppData\Local\Programs\MiKTeX 2.9\tex\latex\pgf\systemlay
er\pgfsys.sty"
("C:\Users\gokulvasan\AppData\Local\Programs\MiKTeX 2.9\tex\generic\pgf\systeml
ayer\pgfsys.code.tex"
Package: pgfsys 2014/07/09 v3.0.1a (rcs-revision 1.48)

("C:\Users\gokulvasan\AppData\Local\Programs\MiKTeX 2.9\tex\generic\pgf\utiliti
es\pgfkeys.code.tex")
\pgf@x=\dimen180
\pgf@y=\dimen181
\pgf@xa=\dimen182
\pgf@ya=\dimen183
\pgf@xb=\dimen184
\pgf@yb=\dimen185
\pgf@xc=\dimen186
\pgf@yc=\dimen187
\w@pgf@writea=\write3
\r@pgf@reada=\read2
\c@pgf@counta=\count152
\c@pgf@countb=\count153
\c@pgf@countc=\count154
\c@pgf@countd=\count155
\t@pgf@toka=\toks32
\t@pgf@tokb=\toks33
\t@pgf@tokc=\toks34

("C:\Users\gokulvasan\AppData\Local\Programs\MiKTeX 2.9\tex\generic\pgf\systeml
ayer\pgf.cfg"
File: pgf.cfg 2008/05/14  (rcs-revision 1.7)
)
Driver file for pgf: pgfsys-xetex.def

("C:\Users\gokulvasan\AppData\Local\Programs\MiKTeX 2.9\tex\generic\pgf\systeml
ayer\pgfsys-xetex.def"
File: pgfsys-xetex.def 2014/07/09  (rcs-revision 1.11)

("C:\Users\gokulvasan\AppData\Local\Programs\MiKTeX 2.9\tex\generic\pgf\systeml
ayer\pgfsys-dvipdfmx.def"
File: pgfsys-dvipdfmx.def 2014/07/09  (rcs-revision 1.14)

("C:\Users\gokulvasan\AppData\Local\Programs\MiKTeX 2.9\tex\generic\pgf\systeml
ayer\pgfsys-common-pdf.def"
File: pgfsys-common-pdf.def 2013/10/10  (rcs-revision 1.13)
)
\pgfsys@objnum=\count156
)))
("C:\Users\gokulvasan\AppData\Local\Programs\MiKTeX 2.9\tex\generic\pgf\systeml
ayer\pgfsyssoftpath.code.tex"
File: pgfsyssoftpath.code.tex 2013/09/09  (rcs-revision 1.9)
\pgfsyssoftpath@smallbuffer@items=\count157
\pgfsyssoftpath@bigbuffer@items=\count158
)
("C:\Users\gokulvasan\AppData\Local\Programs\MiKTeX 2.9\tex\generic\pgf\systeml
ayer\pgfsysprotocol.code.tex"
File: pgfsysprotocol.code.tex 2006/10/16  (rcs-revision 1.4)
))
("C:\Users\gokulvasan\AppData\Local\Programs\MiKTeX 2.9\tex\generic\pgf\basicla
yer\pgfcore.code.tex"
Package: pgfcore 2010/04/11 v3.0.1a (rcs-revision 1.7)

("C:\Users\gokulvasan\AppData\Local\Programs\MiKTeX 2.9\tex\generic\pgf\math\pg
fmath.code.tex")
("C:\Users\gokulvasan\AppData\Local\Programs\MiKTeX 2.9\tex\generic\pgf\basicla
yer\pgfcorepoints.code.tex"
File: pgfcorepoints.code.tex 2013/10/07  (rcs-revision 1.27)
\pgf@picminx=\dimen188
\pgf@picmaxx=\dimen189
\pgf@picminy=\dimen190
\pgf@picmaxy=\dimen191
\pgf@pathminx=\dimen192
\pgf@pathmaxx=\dimen193
\pgf@pathminy=\dimen194
\pgf@pathmaxy=\dimen195
\pgf@xx=\dimen196
\pgf@xy=\dimen197
\pgf@yx=\dimen198
\pgf@yy=\dimen199
\pgf@zx=\dimen256
\pgf@zy=\dimen257
)
("C:\Users\gokulvasan\AppData\Local\Programs\MiKTeX 2.9\tex\generic\pgf\basicla
yer\pgfcorepathconstruct.code.tex"
File: pgfcorepathconstruct.code.tex 2013/10/07  (rcs-revision 1.29)
\pgf@path@lastx=\dimen258
\pgf@path@lasty=\dimen259
)
("C:\Users\gokulvasan\AppData\Local\Programs\MiKTeX 2.9\tex\generic\pgf\basicla
yer\pgfcorepathusage.code.tex"
File: pgfcorepathusage.code.tex 2014/11/02  (rcs-revision 1.24)
\pgf@shorten@end@additional=\dimen260
\pgf@shorten@start@additional=\dimen261
)
("C:\Users\gokulvasan\AppData\Local\Programs\MiKTeX 2.9\tex\generic\pgf\basicla
yer\pgfcorescopes.code.tex"
File: pgfcorescopes.code.tex 2015/05/08  (rcs-revision 1.46)
\pgfpic=\box47
\pgf@hbox=\box48
\pgf@layerbox@main=\box49
\pgf@picture@serial@count=\count159
)
("C:\Users\gokulvasan\AppData\Local\Programs\MiKTeX 2.9\tex\generic\pgf\basicla
yer\pgfcoregraphicstate.code.tex"
File: pgfcoregraphicstate.code.tex 2014/11/02  (rcs-revision 1.12)
\pgflinewidth=\dimen262
)
("C:\Users\gokulvasan\AppData\Local\Programs\MiKTeX 2.9\tex\generic\pgf\basicla
yer\pgfcoretransformations.code.tex"
File: pgfcoretransformations.code.tex 2015/08/07  (rcs-revision 1.20)
\pgf@pt@x=\dimen263
\pgf@pt@y=\dimen264
\pgf@pt@temp=\dimen265
)
("C:\Users\gokulvasan\AppData\Local\Programs\MiKTeX 2.9\tex\generic\pgf\basicla
yer\pgfcorequick.code.tex"
File: pgfcorequick.code.tex 2008/10/09  (rcs-revision 1.3)
)
("C:\Users\gokulvasan\AppData\Local\Programs\MiKTeX 2.9\tex\generic\pgf\basicla
yer\pgfcoreobjects.code.tex"
File: pgfcoreobjects.code.tex 2006/10/11  (rcs-revision 1.2)
)
("C:\Users\gokulvasan\AppData\Local\Programs\MiKTeX 2.9\tex\generic\pgf\basicla
yer\pgfcorepathprocessing.code.tex"
File: pgfcorepathprocessing.code.tex 2013/09/09  (rcs-revision 1.9)
)
("C:\Users\gokulvasan\AppData\Local\Programs\MiKTeX 2.9\tex\generic\pgf\basicla
yer\pgfcorearrows.code.tex"
File: pgfcorearrows.code.tex 2015/05/14  (rcs-revision 1.43)
\pgfarrowsep=\dimen266
)
("C:\Users\gokulvasan\AppData\Local\Programs\MiKTeX 2.9\tex\generic\pgf\basicla
yer\pgfcoreshade.code.tex"
File: pgfcoreshade.code.tex 2013/07/15  (rcs-revision 1.15)
\pgf@max=\dimen267
\pgf@sys@shading@range@num=\count160
)
("C:\Users\gokulvasan\AppData\Local\Programs\MiKTeX 2.9\tex\generic\pgf\basicla
yer\pgfcoreimage.code.tex"
File: pgfcoreimage.code.tex 2013/07/15  (rcs-revision 1.18)

("C:\Users\gokulvasan\AppData\Local\Programs\MiKTeX 2.9\tex\generic\pgf\basicla
yer\pgfcoreexternal.code.tex"
File: pgfcoreexternal.code.tex 2014/07/09  (rcs-revision 1.21)
\pgfexternal@startupbox=\box50
))
("C:\Users\gokulvasan\AppData\Local\Programs\MiKTeX 2.9\tex\generic\pgf\basicla
yer\pgfcorelayers.code.tex"
File: pgfcorelayers.code.tex 2013/07/18  (rcs-revision 1.7)
)
("C:\Users\gokulvasan\AppData\Local\Programs\MiKTeX 2.9\tex\generic\pgf\basicla
yer\pgfcoretransparency.code.tex"
File: pgfcoretransparency.code.tex 2013/09/30  (rcs-revision 1.5)
)
("C:\Users\gokulvasan\AppData\Local\Programs\MiKTeX 2.9\tex\generic\pgf\basicla
yer\pgfcorepatterns.code.tex"
File: pgfcorepatterns.code.tex 2013/11/07  (rcs-revision 1.5)
)))
("C:\Users\gokulvasan\AppData\Local\Programs\MiKTeX 2.9\tex\generic\pgf\modules
\pgfmoduleshapes.code.tex"
File: pgfmoduleshapes.code.tex 2014/03/21  (rcs-revision 1.35)
\pgfnodeparttextbox=\box51
)
("C:\Users\gokulvasan\AppData\Local\Programs\MiKTeX 2.9\tex\generic\pgf\modules
\pgfmoduleplot.code.tex"
File: pgfmoduleplot.code.tex 2015/08/03  (rcs-revision 1.13)
)
("C:\Users\gokulvasan\AppData\Local\Programs\MiKTeX 2.9\tex\latex\pgf\compatibi
lity\pgfcomp-version-0-65.sty"
Package: pgfcomp-version-0-65 2007/07/03 v3.0.1a (rcs-revision 1.7)
\pgf@nodesepstart=\dimen268
\pgf@nodesepend=\dimen269
)
("C:\Users\gokulvasan\AppData\Local\Programs\MiKTeX 2.9\tex\latex\pgf\compatibi
lity\pgfcomp-version-1-18.sty"
Package: pgfcomp-version-1-18 2007/07/23 v3.0.1a (rcs-revision 1.1)
))
("C:\Users\gokulvasan\AppData\Local\Programs\MiKTeX 2.9\tex\latex\pgf\utilities
\pgffor.sty"
("C:\Users\gokulvasan\AppData\Local\Programs\MiKTeX 2.9\tex\latex\pgf\utilities
\pgfkeys.sty"
("C:\Users\gokulvasan\AppData\Local\Programs\MiKTeX 2.9\tex\generic\pgf\utiliti
es\pgfkeys.code.tex"))
("C:\Users\gokulvasan\AppData\Local\Programs\MiKTeX 2.9\tex\latex\pgf\math\pgfm
ath.sty"
("C:\Users\gokulvasan\AppData\Local\Programs\MiKTeX 2.9\tex\generic\pgf\math\pg
fmath.code.tex"))
("C:\Users\gokulvasan\AppData\Local\Programs\MiKTeX 2.9\tex\generic\pgf\utiliti
es\pgffor.code.tex"
Package: pgffor 2013/12/13 v3.0.1a (rcs-revision 1.25)

("C:\Users\gokulvasan\AppData\Local\Programs\MiKTeX 2.9\tex\generic\pgf\math\pg
fmath.code.tex")
\pgffor@iter=\dimen270
\pgffor@skip=\dimen271
\pgffor@stack=\toks35
\pgffor@toks=\toks36
))
("C:\Users\gokulvasan\AppData\Local\Programs\MiKTeX 2.9\tex\generic\pgf\fronten
dlayer\tikz\tikz.code.tex"
Package: tikz 2015/08/07 v3.0.1a (rcs-revision 1.151)

("C:\Users\gokulvasan\AppData\Local\Programs\MiKTeX 2.9\tex\generic\pgf\librari
es\pgflibraryplothandlers.code.tex"
File: pgflibraryplothandlers.code.tex 2013/08/31 v3.0.1a (rcs-revision 1.20)
\pgf@plot@mark@count=\count161
\pgfplotmarksize=\dimen272
)
\tikz@lastx=\dimen273
\tikz@lasty=\dimen274
\tikz@lastxsaved=\dimen275
\tikz@lastysaved=\dimen276
\tikzleveldistance=\dimen277
\tikzsiblingdistance=\dimen278
\tikz@figbox=\box52
\tikz@figbox@bg=\box53
\tikz@tempbox=\box54
\tikz@tempbox@bg=\box55
\tikztreelevel=\count162
\tikznumberofchildren=\count163
\tikznumberofcurrentchild=\count164
\tikz@fig@count=\count165

("C:\Users\gokulvasan\AppData\Local\Programs\MiKTeX 2.9\tex\generic\pgf\modules
\pgfmodulematrix.code.tex"
File: pgfmodulematrix.code.tex 2013/09/17  (rcs-revision 1.8)
\pgfmatrixcurrentrow=\count166
\pgfmatrixcurrentcolumn=\count167
\pgf@matrix@numberofcolumns=\count168
)
\tikz@expandcount=\count169

("C:\Users\gokulvasan\AppData\Local\Programs\MiKTeX 2.9\tex\generic\pgf\fronten
dlayer\tikz\libraries\tikzlibrarytopaths.code.tex"
File: tikzlibrarytopaths.code.tex 2008/06/17 v3.0.1a (rcs-revision 1.2)
)))
("C:\Users\gokulvasan\AppData\Local\Programs\MiKTeX 2.9\tex\latex\textpos\textp
os.sty"
Package: textpos 2016/06/07 v1.8

Package: textpos 2016/06/07 1.8, absolute positioning of text on the page
\TP@textbox=\box56
\TP@holdbox=\box57
\TPHorizModule=\dimen279
\TPVertModule=\dimen280
\TP@margin=\dimen281
\TP@absmargin=\dimen282
Grid set 16 x 16 = 38.39343pt x 49.68562pt
\TPboxrulesize=\dimen283
\TP@ox=\dimen284
\TP@oy=\dimen285
\TP@tbargs=\toks37
\TP@prevdepth=\dimen286
TextBlockOrigin set to 0pt x 0pt
)
("C:\Users\gokulvasan\AppData\Local\Programs\MiKTeX 2.9\tex\latex\ms\ragged2e.s
ty"
Package: ragged2e 2009/05/21 v2.1 ragged2e Package (MS)

("C:\Users\gokulvasan\AppData\Local\Programs\MiKTeX 2.9\tex\latex\ms\everysel.s
ty"
Package: everysel 2011/10/28 v1.2 EverySelectfont Package (MS)
)
\CenteringLeftskip=\skip49
\RaggedLeftLeftskip=\skip50
\RaggedRightLeftskip=\skip51
\CenteringRightskip=\skip52
\RaggedLeftRightskip=\skip53
\RaggedRightRightskip=\skip54
\CenteringParfillskip=\skip55
\RaggedLeftParfillskip=\skip56
\RaggedRightParfillskip=\skip57
\JustifyingParfillskip=\skip58
\CenteringParindent=\skip59
\RaggedLeftParindent=\skip60
\RaggedRightParindent=\skip61
\JustifyingParindent=\skip62
)
("C:\Users\gokulvasan\AppData\Local\Programs\MiKTeX 2.9\tex\latex\etoolbox\etoo
lbox.sty"
Package: etoolbox 2015/08/02 v2.2a e-TeX tools for LaTeX (JAW)
\etb@tempcnta=\count170
)
("C:\Users\gokulvasan\AppData\Local\Programs\MiKTeX 2.9\tex\latex\ifmtarg\ifmta
rg.sty"
Package: ifmtarg 2009/09/02 v1.2a check for an empty argument
)
("C:\Users\gokulvasan\AppData\Local\Programs\MiKTeX 2.9\tex\latex\base\ifthen.s
ty"
Package: ifthen 2014/09/29 v1.1c Standard LaTeX ifthen package (DPC)
)
("C:\Users\gokulvasan\AppData\Local\Programs\MiKTeX 2.9\tex\latex\marvosym\marv
osym.sty"
Package: marvosym 2011/07/20 v2.2 Martin Vogel's Symbols font definitions
)
("C:\Users\gokulvasan\AppData\Local\Programs\MiKTeX 2.9\tex\latex\ltxmisc\parsk
ip.sty"
Package: parskip 2001/04/09 non-zero parskip adjustments
)
("C:\Users\gokulvasan\AppData\Local\Programs\MiKTeX 2.9\tex\latex\enumitem\enum
item.sty"
Package: enumitem 2011/09/28 v3.5.2 Customized lists
\labelindent=\skip63
\enit@outerparindent=\dimen287
\enit@toks=\toks38
\enit@inbox=\box58
\enitdp@description=\count171
)
("C:\Users\gokulvasan\AppData\Local\Programs\MiKTeX 2.9\tex\latex\colortbl\colo
rtbl.sty"
Package: colortbl 2012/02/13 v1.0a Color table columns (DPC)

("C:\Users\gokulvasan\AppData\Local\Programs\MiKTeX 2.9\tex\latex\tools\array.s
ty"
Package: array 2014/10/28 v2.4c Tabular extension package (FMi)
\col@sep=\dimen288
\extrarowheight=\dimen289
\NC@list=\toks39
\extratabsurround=\skip64
\backup@length=\skip65
)
\everycr=\toks40
\minrowclearance=\skip66
)
("C:\Users\gokulvasan\AppData\Local\Programs\MiKTeX 2.9\tex\latex\hyperref\hype
rref.sty"
Package: hyperref 2012/11/06 v6.83m Hypertext links for LaTeX

("C:\Users\gokulvasan\AppData\Local\Programs\MiKTeX 2.9\tex\generic\oberdiek\ho
bsub-hyperref.sty"
Package: hobsub-hyperref 2012/04/25 v1.12 Bundle oberdiek, subset hyperref (HO)


("C:\Users\gokulvasan\AppData\Local\Programs\MiKTeX 2.9\tex\generic\oberdiek\ho
bsub-generic.sty"
Package: hobsub-generic 2012/04/25 v1.12 Bundle oberdiek, subset generic (HO)
Package: hobsub 2012/04/25 v1.12 Construct package bundles (HO)
Package hobsub Info: Skipping package `infwarerr' (already loaded).
Package hobsub Info: Skipping package `ltxcmds' (already loaded).
Package hobsub Info: Skipping package `ifluatex' (already loaded).
Package: ifvtex 2010/03/01 v1.5 Detect VTeX and its facilities (HO)
Package ifvtex Info: VTeX not detected.
Package: intcalc 2007/09/27 v1.1 Expandable calculations with integers (HO)
Package: ifpdf 2011/01/30 v2.3 Provides the ifpdf switch (HO)
Package ifpdf Info: pdfTeX in PDF mode is not detected.
Package: etexcmds 2011/02/16 v1.5 Avoid name clashes with e-TeX commands (HO)
Package etexcmds Info: Could not find \expanded.
(etexcmds)             That can mean that you are not using pdfTeX 1.50 or
(etexcmds)             that some package has redefined \expanded.
(etexcmds)             In the latter case, load this package earlier.
Package: kvsetkeys 2012/04/25 v1.16 Key value parser (HO)
Package: kvdefinekeys 2011/04/07 v1.3 Define keys (HO)
Package: pdftexcmds 2011/11/29 v0.20 Utility functions of pdfTeX for LuaTeX (HO
)
Package pdftexcmds Info: LuaTeX not detected.
Package pdftexcmds Info: pdfTeX >= 1.30 not detected.
Package pdftexcmds Info: \pdf@primitive is available.
Package pdftexcmds Info: \pdf@ifprimitive is available.
Package pdftexcmds Info: \pdfdraftmode not found.
Package: pdfescape 2011/11/25 v1.13 Implements pdfTeX's escape features (HO)
Package: bigintcalc 2012/04/08 v1.3 Expandable calculations on big integers (HO
)
Package: bitset 2011/01/30 v1.1 Handle bit-vector datatype (HO)
Package: uniquecounter 2011/01/30 v1.2 Provide unlimited unique counter (HO)
)
Package hobsub Info: Skipping package `hobsub' (already loaded).
Package: letltxmacro 2010/09/02 v1.4 Let assignment for LaTeX macros (HO)
Package: hopatch 2011/06/24 v1.1 Wrapper for package hooks (HO)
Package: xcolor-patch 2011/01/30 xcolor patch
Package: atveryend 2011/06/30 v1.8 Hooks at the very end of document (HO)
Package: atbegshi 2011/10/05 v1.16 At begin shipout hook (HO)
Package: refcount 2011/10/16 v3.4 Data extraction from label references (HO)
Package: hycolor 2011/01/30 v1.7 Color options for hyperref/bookmark (HO)
)
("C:\Users\gokulvasan\AppData\Local\Programs\MiKTeX 2.9\tex\latex\oberdiek\auxh
ook.sty"
Package: auxhook 2011/03/04 v1.3 Hooks for auxiliary files (HO)
)
("C:\Users\gokulvasan\AppData\Local\Programs\MiKTeX 2.9\tex\latex\oberdiek\kvop
tions.sty"
Package: kvoptions 2011/06/30 v3.11 Key value format for package options (HO)
)
\@linkdim=\dimen290
\Hy@linkcounter=\count172
\Hy@pagecounter=\count173

("C:\Users\gokulvasan\AppData\Local\Programs\MiKTeX 2.9\tex\latex\hyperref\pd1e
nc.def"
File: pd1enc.def 2012/11/06 v6.83m Hyperref: PDFDocEncoding definition (HO)
)
\Hy@SavedSpaceFactor=\count174

("C:\Users\gokulvasan\AppData\Local\Programs\MiKTeX 2.9\tex\latex\00miktex\hype
rref.cfg"
File: hyperref.cfg 2002/06/06 v1.2 hyperref configuration of TeXLive
)
Package hyperref Info: Hyper figures OFF on input line 4443.
Package hyperref Info: Link nesting OFF on input line 4448.
Package hyperref Info: Hyper index ON on input line 4451.
Package hyperref Info: Plain pages OFF on input line 4458.
Package hyperref Info: Backreferencing OFF on input line 4463.
Package hyperref Info: Implicit mode ON; LaTeX internals redefined.
Package hyperref Info: Bookmarks ON on input line 4688.
\c@Hy@tempcnt=\count175

("C:\Users\gokulvasan\AppData\Local\Programs\MiKTeX 2.9\tex\latex\url\url.sty"
\Urlmuskip=\muskip16
Package: url 2013/09/16  ver 3.4  Verb mode for urls, etc.
)
LaTeX Info: Redefining \url on input line 5041.
\XeTeXLinkMargin=\dimen291
Requested font "pzdr" at 0.00002pt
\Fld@menulength=\count176
\Field@Width=\dimen292
\Fld@charsize=\dimen293
Package hyperref Info: Hyper figures OFF on input line 6295.
Package hyperref Info: Link nesting OFF on input line 6300.
Package hyperref Info: Hyper index ON on input line 6303.
Package hyperref Info: backreferencing OFF on input line 6310.
Package hyperref Info: Link coloring OFF on input line 6315.
Package hyperref Info: Link coloring with OCG OFF on input line 6320.
Package hyperref Info: PDF/A mode OFF on input line 6325.
LaTeX Info: Redefining \ref on input line 6365.
LaTeX Info: Redefining \pageref on input line 6369.
\Hy@abspage=\count177
\c@Item=\count178
\c@Hfootnote=\count179
)

Package hyperref Message: Driver (autodetected): hxetex.


("C:\Users\gokulvasan\AppData\Local\Programs\MiKTeX 2.9\tex\latex\hyperref\hxet
ex.def"
File: hxetex.def 2012/11/06 v6.83m Hyperref driver for XeTeX

("C:\Users\gokulvasan\AppData\Local\Programs\MiKTeX 2.9\tex\latex\hyperref\puen
c.def"
File: puenc.def 2012/11/06 v6.83m Hyperref: PDF Unicode definition (HO)
)
("C:\Users\gokulvasan\AppData\Local\Programs\MiKTeX 2.9\tex\generic\oberdiek\st
ringenc.sty"
Package: stringenc 2011/12/02 v1.10 Convert strings between diff. encodings (HO
)
)
\pdfm@box=\box59
\c@Hy@AnnotLevel=\count180
\HyField@AnnotCount=\count181
\Fld@listcount=\count182
\c@bookmark@seq@number=\count183

("C:\Users\gokulvasan\AppData\Local\Programs\MiKTeX 2.9\tex\latex\oberdiek\reru
nfilecheck.sty"
Package: rerunfilecheck 2011/04/15 v1.7 Rerun checks for auxiliary files (HO)
Package rerunfilecheck Info: Feature \pdfmdfivesum is not available
(rerunfilecheck)             (e.g. pdfTeX or LuaTeX with package `pdftexcmds').

(rerunfilecheck)             Therefore file contents cannot be checked efficien
tly
(rerunfilecheck)             and the loading of the package is aborted.
)
\Hy@SectionHShift=\skip67
)
("C:\Users\gokulvasan\AppData\Local\Programs\MiKTeX 2.9\tex\generic\oberdiek\se
-ascii-print.def"
File: se-ascii-print.def 2011/12/02 v1.10 stringenc: Printable ASCII characters

)
Package hyperref Info: Option `colorlinks' set `false' on input line 42.
Requested font "[fonts/segoeuib.ttf]/OT" at 10.0pt
 -> ./fonts/segoeuib.ttf
\g__fontspec_family_segoeuib.ttf_int=\count184
Requested font "[fonts/segoeuib]/OT" at 10.0pt
 -> ./fonts/segoeuib.ttf
\imagewidth=\skip68
\imagescale=\skip69

("C:\Users\gokulvasan\AppData\Local\Programs\MiKTeX 2.9\tex\latex\geometry\geom
etry.sty"
Package: geometry 2010/09/12 v5.6 Page Geometry
\Gm@cnth=\count185
\Gm@cntv=\count186
\c@Gm@tempcnt=\count187
\Gm@bindingoffset=\dimen294
\Gm@wd@mp=\dimen295
\Gm@odd@mp=\dimen296
\Gm@even@mp=\dimen297
\Gm@layoutwidth=\dimen298
\Gm@layoutheight=\dimen299
\Gm@layouthoffset=\dimen300
\Gm@layoutvoffset=\dimen301
\Gm@dimlist=\toks41

("C:\Users\gokulvasan\AppData\Local\Programs\MiKTeX 2.9\tex\xelatex\xetexconfig
\geometry.cfg"))
("C:\Users\gokulvasan\AppData\Local\Programs\MiKTeX 2.9\tex\latex\smartdiagram\
smartdiagram.sty"
Package: smartdiagram 2016/12/23 v0.3b Automatic creation of smart diagrams fro
m lists of items.

("C:\Users\gokulvasan\AppData\Local\Programs\MiKTeX 2.9\tex\latex\xstring\xstri
ng.sty"
("C:\Users\gokulvasan\AppData\Local\Programs\MiKTeX 2.9\tex\generic\xstring\xst
ring.tex"
\@xs@message=\write4
\integerpart=\count188
\decimalpart=\count189
)
Package: xstring 2013/10/13  v1.7c  String manipulations (C Tellechea)
)
("C:\Users\gokulvasan\AppData\Local\Programs\MiKTeX 2.9\tex\generic\pgf\fronten
dlayer\tikz\libraries\tikzlibrarybackgrounds.code.tex"
File: tikzlibrarybackgrounds.code.tex 2013/07/18 v3.0.1a (rcs-revision 1.3)
\pgf@layerbox@background=\box60
\pgf@layerboxsaved@background=\box61
)
("C:\Users\gokulvasan\AppData\Local\Programs\MiKTeX 2.9\tex\generic\pgf\fronten
dlayer\tikz\libraries\tikzlibrarycalc.code.tex"
File: tikzlibrarycalc.code.tex 2013/07/15 v3.0.1a (rcs-revision 1.9)
)
("C:\Users\gokulvasan\AppData\Local\Programs\MiKTeX 2.9\tex\generic\pgf\fronten
dlayer\tikz\libraries\tikzlibraryfadings.code.tex"
File: tikzlibraryfadings.code.tex 2009/11/15 v3.0.1a (rcs-revision 1.2)

("C:\Users\gokulvasan\AppData\Local\Programs\MiKTeX 2.9\tex\generic\pgf\librari
es\pgflibraryfadings.code.tex"
File: pgflibraryfadings.code.tex 2008/02/07 v3.0.1a (rcs-revision 1.3)
))
("C:\Users\gokulvasan\AppData\Local\Programs\MiKTeX 2.9\tex\generic\pgf\fronten
dlayer\tikz\libraries\tikzlibraryshadows.code.tex"
File: tikzlibraryshadows.code.tex 2008/01/13 v3.0.1a (rcs-revision 1.3)
)
("C:\Users\gokulvasan\AppData\Local\Programs\MiKTeX 2.9\tex\generic\pgf\fronten
dlayer\tikz\libraries\tikzlibraryshapes.arrows.code.tex"
File: tikzlibraryshapes.arrows.code.tex 2008/01/09 v3.0.1a (rcs-revision 1.1)

("C:\Users\gokulvasan\AppData\Local\Programs\MiKTeX 2.9\tex\generic\pgf\librari
es\shapes\pgflibraryshapes.arrows.code.tex"
File: pgflibraryshapes.arrows.code.tex 2008/06/26 v3.0.1a (rcs-revision 1.1)
))
("C:\Users\gokulvasan\AppData\Local\Programs\MiKTeX 2.9\tex\generic\pgf\fronten
dlayer\tikz\libraries\tikzlibraryshapes.symbols.code.tex"
File: tikzlibraryshapes.symbols.code.tex 2008/01/09 v3.0.1a (rcs-revision 1.1)

("C:\Users\gokulvasan\AppData\Local\Programs\MiKTeX 2.9\tex\generic\pgf\librari
es\shapes\pgflibraryshapes.symbols.code.tex"
File: pgflibraryshapes.symbols.code.tex 2013/09/11 v3.0.1a (rcs-revision 1.6)
))
\pgf@layerbox@smart diagram arrow back=\box62
\pgf@layerboxsaved@smart diagram arrow back=\box63

("C:\Users\gokulvasan\AppData\Local\Programs\MiKTeX 2.9\tex\latex\smartdiagram\
smartdiagramlibrarycore.definitions.code.tex"
.................................................
. LaTeX info: "xparse/define-command"
. 
. Defining command \smartdiagramset with sig. 'm' on line 262.
.................................................
)
("C:\Users\gokulvasan\AppData\Local\Programs\MiKTeX 2.9\tex\latex\smartdiagram\
smartdiagramlibrarycore.styles.code.tex")
("C:\Users\gokulvasan\AppData\Local\Programs\MiKTeX 2.9\tex\latex\smartdiagram\
smartdiagramlibrarycore.commands.code.tex"
.................................................
. LaTeX info: "xparse/define-command"
. 
. Defining command \smartdiagram with sig. 'r[] m' on line 244.
.................................................
.................................................
. LaTeX info: "xparse/define-command"
. 
. Defining command \smartdiagramanimated with sig. 'r[] m' on line 487.
.................................................
))) (template.aux)
\openout1 = `template.aux'.

LaTeX Font Info:    Checking defaults for OML/cmm/m/it on input line 65.
LaTeX Font Info:    ... okay on input line 65.
LaTeX Font Info:    Checking defaults for T1/cmr/m/n on input line 65.
LaTeX Font Info:    ... okay on input line 65.
LaTeX Font Info:    Checking defaults for OT1/cmr/m/n on input line 65.
LaTeX Font Info:    ... okay on input line 65.
LaTeX Font Info:    Checking defaults for OMS/cmsy/m/n on input line 65.
LaTeX Font Info:    ... okay on input line 65.
LaTeX Font Info:    Checking defaults for OMX/cmex/m/n on input line 65.
LaTeX Font Info:    ... okay on input line 65.
LaTeX Font Info:    Checking defaults for U/cmr/m/n on input line 65.
LaTeX Font Info:    ... okay on input line 65.
LaTeX Font Info:    Checking defaults for EU1/lmr/m/n on input line 65.
LaTeX Font Info:    ... okay on input line 65.
LaTeX Font Info:    Checking defaults for T3/cmr/m/n on input line 65.
LaTeX Font Info:    Try loading font information for T3+cmr on input line 65.

("C:\Users\gokulvasan\AppData\Local\Programs\MiKTeX 2.9\tex\latex\tipa\t3cmr.fd
"
File: t3cmr.fd 2001/12/31 TIPA font definitions
)
LaTeX Font Info:    ... okay on input line 65.
LaTeX Font Info:    Checking defaults for TS1/cmr/m/n on input line 65.
LaTeX Font Info:    Try loading font information for TS1+cmr on input line 65.

("C:\Users\gokulvasan\AppData\Local\Programs\MiKTeX 2.9\tex\latex\base\ts1cmr.f
d"
File: ts1cmr.fd 2014/09/29 v2.5h Standard LaTeX font definitions
)
LaTeX Font Info:    ... okay on input line 65.
LaTeX Font Info:    Checking defaults for PD1/pdf/m/n on input line 65.
LaTeX Font Info:    ... okay on input line 65.
LaTeX Font Info:    Checking defaults for PU/pdf/m/n on input line 65.
LaTeX Font Info:    ... okay on input line 65.
LaTeX Font Info:    Font shape `EU1/ClearSans(0)/m/n' will be
(Font)              scaled to size 10.0pt on input line 65.
Requested font "[ClearSans-Regular.ttf]/OT:script=latn;language=DFLT;mapping=te
x-text;mapping=tex-text;" at 10.0pt
 -> C:/Users/gokulvasan/AppData/Local/Programs/MiKTeX 2.9/fonts/truetype/intel/
clearsans/ClearSans-Regular.ttf
\symlegacymaths=\mathgroup4
LaTeX Font Info:    Overwriting symbol font `legacymaths' in version `bold'
(Font)                  OT1/cmr/m/n --> OT1/cmr/bx/n on input line 65.
LaTeX Font Info:    Redeclaring math accent \acute on input line 65.
LaTeX Font Info:    Redeclaring math accent \grave on input line 65.
LaTeX Font Info:    Redeclaring math accent \ddot on input line 65.
LaTeX Font Info:    Redeclaring math accent \tilde on input line 65.
LaTeX Font Info:    Redeclaring math accent \bar on input line 65.
LaTeX Font Info:    Redeclaring math accent \breve on input line 65.
LaTeX Font Info:    Redeclaring math accent \check on input line 65.
LaTeX Font Info:    Redeclaring math accent \hat on input line 65.
LaTeX Font Info:    Redeclaring math accent \dot on input line 65.
LaTeX Font Info:    Redeclaring math accent \mathring on input line 65.
LaTeX Font Info:    Redeclaring math symbol \colon on input line 65.
LaTeX Font Info:    Redeclaring math symbol \Gamma on input line 65.
LaTeX Font Info:    Redeclaring math symbol \Delta on input line 65.
LaTeX Font Info:    Redeclaring math symbol \Theta on input line 65.
LaTeX Font Info:    Redeclaring math symbol \Lambda on input line 65.
LaTeX Font Info:    Redeclaring math symbol \Xi on input line 65.
LaTeX Font Info:    Redeclaring math symbol \Pi on input line 65.
LaTeX Font Info:    Redeclaring math symbol \Sigma on input line 65.
LaTeX Font Info:    Redeclaring math symbol \Upsilon on input line 65.
LaTeX Font Info:    Redeclaring math symbol \Phi on input line 65.
LaTeX Font Info:    Redeclaring math symbol \Psi on input line 65.
LaTeX Font Info:    Redeclaring math symbol \Omega on input line 65.
LaTeX Font Info:    Redeclaring math symbol \mathdollar on input line 65.
LaTeX Font Info:    Redeclaring symbol font `operators' on input line 65.
LaTeX Font Info:    Encoding `OT1' has changed to `EU1' for symbol font
(Font)              `operators' in the math version `normal' on input line 65.
LaTeX Font Info:    Overwriting symbol font `operators' in version `normal'
(Font)                  OT1/cmr/m/n --> EU1/lmr/m/n on input line 65.
LaTeX Font Info:    Encoding `OT1' has changed to `EU1' for symbol font
(Font)              `operators' in the math version `bold' on input line 65.
LaTeX Font Info:    Overwriting symbol font `operators' in version `bold'
(Font)                  OT1/cmr/bx/n --> EU1/lmr/m/n on input line 65.
LaTeX Font Info:    Overwriting symbol font `operators' in version `normal'
(Font)                  EU1/lmr/m/n --> EU1/lmr/m/n on input line 65.
LaTeX Font Info:    Overwriting math alphabet `\mathit' in version `normal'
(Font)                  OT1/cmr/m/it --> EU1/lmr/m/it on input line 65.
LaTeX Font Info:    Overwriting math alphabet `\mathbf' in version `normal'
(Font)                  OT1/cmr/bx/n --> EU1/lmr/bx/n on input line 65.
LaTeX Font Info:    Overwriting math alphabet `\mathsf' in version `normal'
(Font)                  OT1/cmss/m/n --> EU1/ClearSans(0)/m/n on input line 65.

LaTeX Font Info:    Overwriting math alphabet `\mathtt' in version `normal'
(Font)                  OT1/cmtt/m/n --> EU1/lmtt/m/n on input line 65.
LaTeX Font Info:    Overwriting symbol font `operators' in version `bold'
(Font)                  EU1/lmr/m/n --> EU1/lmr/bx/n on input line 65.
LaTeX Font Info:    Overwriting math alphabet `\mathit' in version `bold'
(Font)                  OT1/cmr/bx/it --> EU1/lmr/bx/it on input line 65.
LaTeX Font Info:    Overwriting math alphabet `\mathsf' in version `bold'
(Font)                  OT1/cmss/bx/n --> EU1/ClearSans(0)/bx/n on input line 6
5.
LaTeX Font Info:    Overwriting math alphabet `\mathtt' in version `bold'
(Font)                  OT1/cmtt/m/n --> EU1/lmtt/bx/n on input line 65.
 ABD: EveryShipout initializing macros
ABD: EverySelectfont initializing macros
LaTeX Info: Redefining \selectfont on input line 65.
\AtBeginShipoutBox=\box64
Package hyperref Info: Link coloring OFF on input line 65.

("C:\Users\gokulvasan\AppData\Local\Programs\MiKTeX 2.9\tex\latex\hyperref\name
ref.sty"
Package: nameref 2012/10/27 v2.43 Cross-referencing by name of section

("C:\Users\gokulvasan\AppData\Local\Programs\MiKTeX 2.9\tex\generic\oberdiek\ge
ttitlestring.sty"
Package: gettitlestring 2010/12/03 v1.4 Cleanup title references (HO)
)
\c@section@level=\count190
)
LaTeX Info: Redefining \ref on input line 65.
LaTeX Info: Redefining \pageref on input line 65.
LaTeX Info: Redefining \nameref on input line 65.
 (template.out) (template.out)
\@outlinefile=\write5
\openout5 = `template.out'.


*geometry* detected driver: pdftex
*geometry* verbose mode - [ preamble ] result:
* driver: pdftex
* paper: letterpaper
* layout: <same size as paper>
* layoutoffset:(h,v)=(0.0pt,0.0pt)
* modes: 
* h-part:(L,W,R)=(216.2411pt, 369.60115pt, 28.45274pt)
* v-part:(T,H,B)=(2.84544pt, 789.2791pt, 2.84544pt)
* \paperwidth=614.295pt
* \paperheight=794.96999pt
* \textwidth=369.60115pt
* \textheight=789.2791pt
* \oddsidemargin=143.97112pt
* \evensidemargin=143.97112pt
* \topmargin=-69.42455pt
* \headheight=0.0pt
* \headsep=0.0pt
* \topskip=10.0pt
* \footskip=0.0pt
* \marginparwidth=65.0pt
* \marginparsep=11.0pt
* \columnsep=10.0pt
* \skip\footins=9.0pt plus 4.0pt minus 2.0pt
* \hoffset=0.0pt
* \voffset=0.0pt
* \mag=1000
* \@twocolumnfalse
* \@twosidefalse
* \@mparswitchfalse
* \@reversemarginfalse
* (1in=72.27pt=25.4mm, 1cm=28.453pt)

LaTeX Font Info:    Font shape `EU1/ClearSans(0)/m/n' will be
(Font)              scaled to size 24.88pt on input line 67.
Requested font "[ClearSans-Regular.ttf]/OT:script=latn;language=DFLT;mapping=te
x-text;mapping=tex-text;" at 24.88pt
 -> C:/Users/gokulvasan/AppData/Local/Programs/MiKTeX 2.9/fonts/truetype/intel/
clearsans/ClearSans-Regular.ttf
LaTeX Font Info:    Font shape `EU1/ClearSans(0)/m/n' will be
(Font)              scaled to size 14.4pt on input line 67.
Requested font "[ClearSans-Regular.ttf]/OT:script=latn;language=DFLT;mapping=te
x-text;mapping=tex-text;" at 14.4pt
 -> C:/Users/gokulvasan/AppData/Local/Programs/MiKTeX 2.9/fonts/truetype/intel/
clearsans/ClearSans-Regular.ttf
Requested font "[lmroman7-regular]:mapping=tex-text" at 7.0pt
 -> C:/Users/gokulvasan/AppData/Local/Programs/MiKTeX 2.9/fonts/opentype/public
/lm/lmroman7-regular.otf
Requested font "[lmroman5-regular]:mapping=tex-text" at 5.0pt
 -> C:/Users/gokulvasan/AppData/Local/Programs/MiKTeX 2.9/fonts/opentype/public
/lm/lmroman5-regular.otf
LaTeX Font Info:    External font `cmex10' loaded for size
(Font)              <7> on input line 67.
LaTeX Font Info:    External font `cmex10' loaded for size
(Font)              <5> on input line 67.

LaTeX Font Warning: Command \huge invalid in math mode on input line 67.

LaTeX Font Info:    Font shape `EU1/ClearSans(0)/m/n' will be
(Font)              scaled to size 20.74pt on input line 67.
Requested font "[ClearSans-Regular.ttf]/OT:script=latn;language=DFLT;mapping=te
x-text;mapping=tex-text;" at 20.74pt
 -> C:/Users/gokulvasan/AppData/Local/Programs/MiKTeX 2.9/fonts/truetype/intel/
clearsans/ClearSans-Regular.ttf
Requested font "FontAwesome/OT:" at 20.74pt
 -> >

Overfull \hbox (7.90715pt too wide) in paragraph at lines 67--67
[]|$[]$| 
 []


LaTeX Font Warning: Command \Huge invalid in math mode on input line 67.

Requested font "FontAwesome/OT:" at 24.88pt
 -> >

Overfull \hbox (3.57698pt too wide) in paragraph at lines 67--67
[]|$[]$| 
 []


LaTeX Font Warning: Command \huge invalid in math mode on input line 67.


Overfull \hbox (6.43462pt too wide) in paragraph at lines 67--67
[]|$[]$| 
 []


LaTeX Font Warning: Command \huge invalid in math mode on input line 67.


Overfull \hbox (10.25403pt too wide) in paragraph at lines 67--67
[]|$[]$| 
 []


LaTeX Font Warning: Command \huge invalid in math mode on input line 67.


Overfull \hbox (7.85725pt too wide) in paragraph at lines 67--67
[]|$[]$| 
 []


LaTeX Font Warning: Command \huge invalid in math mode on input line 67.


Overfull \hbox (7.85725pt too wide) in paragraph at lines 67--67
[]|$[]$| 
 []


Overfull \hbox (14.22643pt too wide) in paragraph at lines 67--67
[][] 
 []

LaTeX Font Info:    Font shape `EU1/ClearSans(0)/m/n' will be
(Font)              scaled to size 12.0pt on input line 67.
Requested font "[ClearSans-Regular.ttf]/OT:script=latn;language=DFLT;mapping=te
x-text;mapping=tex-text;" at 12.0pt
 -> C:/Users/gokulvasan/AppData/Local/Programs/MiKTeX 2.9/fonts/truetype/intel/
clearsans/ClearSans-Regular.ttf
LaTeX Font Info:    Font shape `EU1/ClearSans(0)/bx/n' will be
(Font)              scaled to size 12.0pt on input line 67.
Requested font "[ClearSans-Bold.ttf]/OT:script=latn;language=DFLT;mapping=tex-t
ext;mapping=tex-text;" at 12.0pt
 -> C:/Users/gokulvasan/AppData/Local/Programs/MiKTeX 2.9/fonts/truetype/intel/
clearsans/ClearSans-Bold.ttf

LaTeX Warning: Command \textbullet invalid in math mode on input line 67.


LaTeX Warning: Command \textbullet invalid in math mode on input line 67.


LaTeX Warning: Command \textbullet invalid in math mode on input line 67.


LaTeX Warning: Command \textbullet invalid in math mode on input line 67.


LaTeX Warning: Command \textbullet invalid in math mode on input line 67.


LaTeX Warning: Command \textbullet invalid in math mode on input line 67.


Overfull \hbox (8.05862pt too wide) in paragraph at lines 67--67
[][] 
 []


LaTeX Warning: Command \textbullet invalid in math mode on input line 67.


LaTeX Warning: Command \textbullet invalid in math mode on input line 67.


LaTeX Warning: Command \textbullet invalid in math mode on input line 67.


Overfull \hbox (0.4pt too wide) in paragraph at lines 67--67
[][] 
 []


LaTeX Warning: Command \textbullet invalid in math mode on input line 67.


Overfull \hbox (0.4pt too wide) in paragraph at lines 67--67
[][] 
 []


LaTeX Warning: Command \textbullet invalid in math mode on input line 67.


Overfull \hbox (0.4pt too wide) in paragraph at lines 67--67
[][] 
 []


Overfull \hbox (0.4pt too wide) in paragraph at lines 67--67
[][] 
 []

LaTeX Font Info:    Font shape `EU1/ClearSans(0)/m/n' will be
(Font)              scaled to size 17.28pt on input line 72.
Requested font "[ClearSans-Regular.ttf]/OT:script=latn;language=DFLT;mapping=te
x-text;mapping=tex-text;" at 17.28pt
 -> C:/Users/gokulvasan/AppData/Local/Programs/MiKTeX 2.9/fonts/truetype/intel/
clearsans/ClearSans-Regular.ttf
Requested font "[fonts/segoeuib]/OT:script=latn;language=DFLT;" at 17.28pt
 -> ./fonts/segoeuib.ttf
LaTeX Font Info:    Font shape `EU1/ClearSans(0)/bx/n' will be
(Font)              scaled to size 10.0pt on input line 81.
Requested font "[ClearSans-Bold.ttf]/OT:script=latn;language=DFLT;mapping=tex-t
ext;mapping=tex-text;" at 10.0pt
 -> C:/Users/gokulvasan/AppData/Local/Programs/MiKTeX 2.9/fonts/truetype/intel/
clearsans/ClearSans-Bold.ttf
LaTeX Font Info:    Font shape `EU1/ClearSans(0)/m/n' will be
(Font)              scaled to size 8.0pt on input line 81.
Requested font "[ClearSans-Regular.ttf]/OT:script=latn;language=DFLT;mapping=te
x-text;mapping=tex-text;" at 8.0pt
 -> C:/Users/gokulvasan/AppData/Local/Programs/MiKTeX 2.9/fonts/truetype/intel/
clearsans/ClearSans-Regular.ttf
LaTeX Font Info:    Font shape `EU1/ClearSans(0)/bx/n' will be
(Font)              scaled to size 8.0pt on input line 81.
Requested font "[ClearSans-Bold.ttf]/OT:script=latn;language=DFLT;mapping=tex-t
ext;mapping=tex-text;" at 8.0pt
 -> C:/Users/gokulvasan/AppData/Local/Programs/MiKTeX 2.9/fonts/truetype/intel/
clearsans/ClearSans-Bold.ttf
LaTeX Font Info:    Font shape `EU1/ClearSans(0)/m/it' will be
(Font)              scaled to size 10.0pt on input line 81.
Requested font "[ClearSans-Italic.ttf]/OT:script=latn;language=DFLT;mapping=tex
-text;mapping=tex-text;" at 10.0pt
 -> C:/Users/gokulvasan/AppData/Local/Programs/MiKTeX 2.9/fonts/truetype/intel/
clearsans/ClearSans-Italic.ttf

Underfull \hbox (badness 10000) in paragraph at lines 81--81

 []


Overfull \hbox (25.892pt too wide) in paragraph at lines 119--131
[][] 
 []


Overfull \hbox (24.46938pt too wide) in paragraph at lines 151--166
[][]
 []


Underfull \hbox (badness 10000) in paragraph at lines 151--166

 []

[1

]
*geometry* verbose mode - [ newgeometry ] result:
* driver: pdftex
* paper: letterpaper
* layout: <same size as paper>
* layoutoffset:(h,v)=(0.0pt,0.0pt)
* modes: 
* h-part:(L,W,R)=(21.68121pt, 570.93257pt, 21.68121pt)
* v-part:(T,H,B)=(21.68121pt, 751.60756pt, 21.68121pt)
* \paperwidth=614.295pt
* \paperheight=794.96999pt
* \textwidth=570.93257pt
* \textheight=751.60756pt
* \oddsidemargin=-50.58878pt
* \evensidemargin=-50.58878pt
* \topmargin=-50.58878pt
* \headheight=0.0pt
* \headsep=0.0pt
* \topskip=10.0pt
* \footskip=0.0pt
* \marginparwidth=65.0pt
* \marginparsep=11.0pt
* \columnsep=10.0pt
* \skip\footins=9.0pt plus 4.0pt minus 2.0pt
* \hoffset=0.0pt
* \voffset=0.0pt
* \mag=1000
* \@twocolumnfalse
* \@twosidefalse
* \@mparswitchfalse
* \@reversemarginfalse
* (1in=72.27pt=25.4mm, 1cm=28.453pt)

LaTeX Font Info:    Font shape `EU1/ClearSans(0)/bx/n' will be
(Font)              scaled to size 14.4pt on input line 179.
Requested font "[ClearSans-Bold.ttf]/OT:script=latn;language=DFLT;mapping=tex-t
ext;mapping=tex-text;" at 14.4pt
 -> C:/Users/gokulvasan/AppData/Local/Programs/MiKTeX 2.9/fonts/truetype/intel/
clearsans/ClearSans-Bold.ttf

Overfull \hbox (0.96779pt too wide) in paragraph at lines 175--234
[][] 
 []


Overfull \hbox (2.3904pt too wide) in paragraph at lines 237--265
[][] 
 []

Requested font "FontAwesome/OT:" at 10.0pt
 -> ^^88^^A/Users/gokulvasan/AppData/Local/Programs/MiKTeX 2.9/fonts/opentype/p
ublic/fontawesome/FontAwesome.otf

Overfull \hbox (2.3904pt too wide) in paragraph at lines 268--295
[][] 
 []

[2


]
Overfull \hbox (2.3904pt too wide) in paragraph at lines 298--328
[][] 
 []


Overfull \hbox (2.3904pt too wide) in paragraph at lines 332--362
[][] 
 []


Overfull \hbox (2.3904pt too wide) in paragraph at lines 364--390
[][] 
 []

[3]
Overfull \hbox (2.3904pt too wide) in paragraph at lines 392--420
[][]
 []


Overfull \hbox (2.3904pt too wide) in paragraph at lines 423--458
[][]
 []


Overfull \hbox (2.3904pt too wide) in paragraph at lines 459--486
[][] 
 []

[4]
Overfull \hbox (2.3904pt too wide) in paragraph at lines 489--519
[][] 
 []


Overfull \hbox (2.3904pt too wide) in paragraph at lines 522--553
[][]
 []

[5]
Package atveryend Info: Empty hook `BeforeClearDocument' on input line 565.
Package atveryend Info: Empty hook `AfterLastShipout' on input line 565.
 (template.aux)
Package atveryend Info: Empty hook `AtVeryEndDocument' on input line 565.
Package atveryend Info: Empty hook `AtEndAfterFileList' on input line 565.
 ) 
Here is how much of TeX's memory you used:
 37681 strings out of 428721
 715518 string characters out of 3159575
 795541 words of memory out of 3000000
 40596 multiletter control sequences out of 15000+200000
 4256 words of font info for 47 fonts, out of 3000000 for 9000
 1096 hyphenation exceptions out of 8191
 61i,19n,75p,10399b,642s stack positions out of 5000i,500n,10000p,200000b,50000s

Output written on template.pdf (5 pages).
